2024-04-26 13:21:33,637 DEBUG    root            Loaded Command Group: ['gcloud', 'components']
2024-04-26 13:21:33,641 DEBUG    root            Loaded Command Group: ['gcloud', 'components', 'update']
2024-04-26 13:21:33,643 DEBUG    root            Running [gcloud.components.update] with arguments: [--allow-no-backup: "True", --compile-python: "True", --quiet: "True", COMPONENT-IDS:6: "['core', 'gcloud-deps', 'bq', 'gcloud', 'gcloud-crc32c', 'gsutil']"]
2024-04-26 13:21:33,644 INFO     ___FILE_ONLY___ Beginning update. This process may take several minutes.

2024-04-26 13:21:33,672 DEBUG    urllib3.connectionpool Starting new HTTPS connection (1): dl.google.com:443
2024-04-26 13:21:33,736 DEBUG    urllib3.connectionpool https://dl.google.com:443 "GET /dl/cloudsdk/channels/rapid/components-2.json HTTP/1.1" 200 222653
2024-04-26 13:21:33,753 INFO     ___FILE_ONLY___ 

2024-04-26 13:21:33,753 INFO     ___FILE_ONLY___ 
Your current Google Cloud CLI version is: 473.0.0

2024-04-26 13:21:33,753 INFO     ___FILE_ONLY___ Installing components from version: 473.0.0

2024-04-26 13:21:33,753 INFO     ___FILE_ONLY___ 

2024-04-26 13:21:33,754 DEBUG    root            Chosen display Format:table[box,title="These components will be removed."](details.display_name:label=Name:align=left,version.version_string:label=Version:align=right,data.size.size(zero="",min=1048576):label=Size:align=right)
2024-04-26 13:21:33,754 DEBUG    root            Chosen display Format:table[box,title="These components will be updated."](details.display_name:label=Name:align=left,version.version_string:label=Version:align=right,data.size.size(zero="",min=1048576):label=Size:align=right)
2024-04-26 13:21:33,755 DEBUG    root            Chosen display Format:table[box,title="These components will be installed."](details.display_name:label=Name:align=left,version.version_string:label=Version:align=right,data.size.size(zero="",min=1048576):label=Size:align=right)
2024-04-26 13:21:33,884 INFO     ___FILE_ONLY___ ┌─────────────────────────────────────────────────────────────────────────────┐
2024-04-26 13:21:33,885 INFO     ___FILE_ONLY___ 

2024-04-26 13:21:33,885 INFO     ___FILE_ONLY___ │                     These components will be installed.                     │
2024-04-26 13:21:33,885 INFO     ___FILE_ONLY___ 

2024-04-26 13:21:33,885 INFO     ___FILE_ONLY___ ├─────────────────────────────────────────────────────┬────────────┬──────────┤
2024-04-26 13:21:33,885 INFO     ___FILE_ONLY___ 

2024-04-26 13:21:33,885 INFO     ___FILE_ONLY___ │                         Name                        │  Version   │   Size   │
2024-04-26 13:21:33,885 INFO     ___FILE_ONLY___ 

2024-04-26 13:21:33,885 INFO     ___FILE_ONLY___ ├─────────────────────────────────────────────────────┼────────────┼──────────┤
2024-04-26 13:21:33,885 INFO     ___FILE_ONLY___ 

2024-04-26 13:21:33,885 INFO     ___FILE_ONLY___ │ 
2024-04-26 13:21:33,885 INFO     ___FILE_ONLY___ BigQuery Command Line Tool                         
2024-04-26 13:21:33,885 INFO     ___FILE_ONLY___  
2024-04-26 13:21:33,886 INFO     ___FILE_ONLY___ │ 
2024-04-26 13:21:33,886 INFO     ___FILE_ONLY___      2.1.4
2024-04-26 13:21:33,886 INFO     ___FILE_ONLY___  
2024-04-26 13:21:33,886 INFO     ___FILE_ONLY___ │ 
2024-04-26 13:21:33,886 INFO     ___FILE_ONLY___  1.7 MiB
2024-04-26 13:21:33,886 INFO     ___FILE_ONLY___  
2024-04-26 13:21:33,886 INFO     ___FILE_ONLY___ │
2024-04-26 13:21:33,886 INFO     ___FILE_ONLY___ 

2024-04-26 13:21:33,886 INFO     ___FILE_ONLY___ │ 
2024-04-26 13:21:33,886 INFO     ___FILE_ONLY___ BigQuery Command Line Tool (Platform Specific)     
2024-04-26 13:21:33,886 INFO     ___FILE_ONLY___  
2024-04-26 13:21:33,886 INFO     ___FILE_ONLY___ │ 
2024-04-26 13:21:33,886 INFO     ___FILE_ONLY___    2.0.101
2024-04-26 13:21:33,886 INFO     ___FILE_ONLY___  
2024-04-26 13:21:33,886 INFO     ___FILE_ONLY___ │ 
2024-04-26 13:21:33,886 INFO     ___FILE_ONLY___  < 1 MiB
2024-04-26 13:21:33,887 INFO     ___FILE_ONLY___  
2024-04-26 13:21:33,887 INFO     ___FILE_ONLY___ │
2024-04-26 13:21:33,887 INFO     ___FILE_ONLY___ 

2024-04-26 13:21:33,887 INFO     ___FILE_ONLY___ │ 
2024-04-26 13:21:33,887 INFO     ___FILE_ONLY___ Bundled Python 3.11                                
2024-04-26 13:21:33,887 INFO     ___FILE_ONLY___  
2024-04-26 13:21:33,887 INFO     ___FILE_ONLY___ │ 
2024-04-26 13:21:33,887 INFO     ___FILE_ONLY___     3.11.8
2024-04-26 13:21:33,887 INFO     ___FILE_ONLY___  
2024-04-26 13:21:33,887 INFO     ___FILE_ONLY___ │ 
2024-04-26 13:21:33,887 INFO     ___FILE_ONLY___ 74.9 MiB
2024-04-26 13:21:33,887 INFO     ___FILE_ONLY___  
2024-04-26 13:21:33,887 INFO     ___FILE_ONLY___ │
2024-04-26 13:21:33,887 INFO     ___FILE_ONLY___ 

2024-04-26 13:21:33,887 INFO     ___FILE_ONLY___ │ 
2024-04-26 13:21:33,888 INFO     ___FILE_ONLY___ Cloud Storage Command Line Tool                    
2024-04-26 13:21:33,888 INFO     ___FILE_ONLY___  
2024-04-26 13:21:33,888 INFO     ___FILE_ONLY___ │ 
2024-04-26 13:21:33,888 INFO     ___FILE_ONLY___       5.27
2024-04-26 13:21:33,888 INFO     ___FILE_ONLY___  
2024-04-26 13:21:33,888 INFO     ___FILE_ONLY___ │ 
2024-04-26 13:21:33,888 INFO     ___FILE_ONLY___ 11.3 MiB
2024-04-26 13:21:33,888 INFO     ___FILE_ONLY___  
2024-04-26 13:21:33,888 INFO     ___FILE_ONLY___ │
2024-04-26 13:21:33,888 INFO     ___FILE_ONLY___ 

2024-04-26 13:21:33,888 INFO     ___FILE_ONLY___ │ 
2024-04-26 13:21:33,888 INFO     ___FILE_ONLY___ Cloud Storage Command Line Tool (Platform Specific)
2024-04-26 13:21:33,888 INFO     ___FILE_ONLY___  
2024-04-26 13:21:33,888 INFO     ___FILE_ONLY___ │ 
2024-04-26 13:21:33,888 INFO     ___FILE_ONLY___       5.27
2024-04-26 13:21:33,889 INFO     ___FILE_ONLY___  
2024-04-26 13:21:33,889 INFO     ___FILE_ONLY___ │ 
2024-04-26 13:21:33,889 INFO     ___FILE_ONLY___  < 1 MiB
2024-04-26 13:21:33,889 INFO     ___FILE_ONLY___  
2024-04-26 13:21:33,889 INFO     ___FILE_ONLY___ │
2024-04-26 13:21:33,889 INFO     ___FILE_ONLY___ 

2024-04-26 13:21:33,889 INFO     ___FILE_ONLY___ │ 
2024-04-26 13:21:33,889 INFO     ___FILE_ONLY___ Google Cloud CLI Core Libraries (Platform Specific)
2024-04-26 13:21:33,889 INFO     ___FILE_ONLY___  
2024-04-26 13:21:33,889 INFO     ___FILE_ONLY___ │ 
2024-04-26 13:21:33,889 INFO     ___FILE_ONLY___ 2024.01.06
2024-04-26 13:21:33,889 INFO     ___FILE_ONLY___  
2024-04-26 13:21:33,889 INFO     ___FILE_ONLY___ │ 
2024-04-26 13:21:33,889 INFO     ___FILE_ONLY___  < 1 MiB
2024-04-26 13:21:33,889 INFO     ___FILE_ONLY___  
2024-04-26 13:21:33,889 INFO     ___FILE_ONLY___ │
2024-04-26 13:21:33,890 INFO     ___FILE_ONLY___ 

2024-04-26 13:21:33,890 INFO     ___FILE_ONLY___ │ 
2024-04-26 13:21:33,890 INFO     ___FILE_ONLY___ Google Cloud CRC32C Hash Tool                      
2024-04-26 13:21:33,890 INFO     ___FILE_ONLY___  
2024-04-26 13:21:33,890 INFO     ___FILE_ONLY___ │ 
2024-04-26 13:21:33,890 INFO     ___FILE_ONLY___      1.0.0
2024-04-26 13:21:33,890 INFO     ___FILE_ONLY___  
2024-04-26 13:21:33,890 INFO     ___FILE_ONLY___ │ 
2024-04-26 13:21:33,890 INFO     ___FILE_ONLY___  1.2 MiB
2024-04-26 13:21:33,890 INFO     ___FILE_ONLY___  
2024-04-26 13:21:33,890 INFO     ___FILE_ONLY___ │
2024-04-26 13:21:33,890 INFO     ___FILE_ONLY___ 

2024-04-26 13:21:33,890 INFO     ___FILE_ONLY___ │ 
2024-04-26 13:21:33,890 INFO     ___FILE_ONLY___ gcloud cli dependencies                            
2024-04-26 13:21:33,890 INFO     ___FILE_ONLY___  
2024-04-26 13:21:33,890 INFO     ___FILE_ONLY___ │ 
2024-04-26 13:21:33,891 INFO     ___FILE_ONLY___ 2021.04.16
2024-04-26 13:21:33,891 INFO     ___FILE_ONLY___  
2024-04-26 13:21:33,891 INFO     ___FILE_ONLY___ │ 
2024-04-26 13:21:33,891 INFO     ___FILE_ONLY___  < 1 MiB
2024-04-26 13:21:33,891 INFO     ___FILE_ONLY___  
2024-04-26 13:21:33,891 INFO     ___FILE_ONLY___ │
2024-04-26 13:21:33,891 INFO     ___FILE_ONLY___ 

2024-04-26 13:21:33,891 INFO     ___FILE_ONLY___ └─────────────────────────────────────────────────────┴────────────┴──────────┘
2024-04-26 13:21:33,891 INFO     ___FILE_ONLY___ 

2024-04-26 13:21:33,891 INFO     ___FILE_ONLY___ 

2024-04-26 13:21:33,895 DEBUG    urllib3.connectionpool Starting new HTTPS connection (1): dl.google.com:443
2024-04-26 13:21:33,958 DEBUG    urllib3.connectionpool https://dl.google.com:443 "GET /dl/cloudsdk/channels/rapid/RELEASE_NOTES HTTP/1.1" 200 1196616
2024-04-26 13:21:33,988 INFO     ___FILE_ONLY___ For the latest full release notes, please visit:
  https://cloud.google.com/sdk/release_notes


2024-04-26 13:21:33,990 INFO     ___FILE_ONLY___ ╔════════════════════════════════════════════════════════════╗

2024-04-26 13:21:33,990 INFO     ___FILE_ONLY___ ╠═ Creating update staging area                             ═╣

2024-04-26 13:21:33,990 INFO     ___FILE_ONLY___ ╚
2024-04-26 13:21:33,991 INFO     ___FILE_ONLY___ ══════
2024-04-26 13:21:33,991 INFO     ___FILE_ONLY___ ══════
2024-04-26 13:21:33,991 INFO     ___FILE_ONLY___ ══════
2024-04-26 13:21:34,322 INFO     ___FILE_ONLY___ ═
2024-04-26 13:21:34,364 INFO     ___FILE_ONLY___ ═
2024-04-26 13:21:34,408 INFO     ___FILE_ONLY___ ═
2024-04-26 13:21:34,450 INFO     ___FILE_ONLY___ ═
2024-04-26 13:21:34,484 INFO     ___FILE_ONLY___ ═
2024-04-26 13:21:34,519 INFO     ___FILE_ONLY___ ═
2024-04-26 13:21:34,550 INFO     ___FILE_ONLY___ ═
2024-04-26 13:21:34,584 INFO     ___FILE_ONLY___ ═
2024-04-26 13:21:34,617 INFO     ___FILE_ONLY___ ═
2024-04-26 13:21:34,666 INFO     ___FILE_ONLY___ ═
2024-04-26 13:21:34,747 INFO     ___FILE_ONLY___ ═
2024-04-26 13:21:34,851 INFO     ___FILE_ONLY___ ═
2024-04-26 13:21:34,909 INFO     ___FILE_ONLY___ ═
2024-04-26 13:21:34,964 INFO     ___FILE_ONLY___ ═
2024-04-26 13:21:35,022 INFO     ___FILE_ONLY___ ═
2024-04-26 13:21:35,073 INFO     ___FILE_ONLY___ ═
2024-04-26 13:21:35,123 INFO     ___FILE_ONLY___ ═
2024-04-26 13:21:35,176 INFO     ___FILE_ONLY___ ═
2024-04-26 13:21:35,228 INFO     ___FILE_ONLY___ ═
2024-04-26 13:21:35,281 INFO     ___FILE_ONLY___ ═
2024-04-26 13:21:35,334 INFO     ___FILE_ONLY___ ═
2024-04-26 13:21:35,389 INFO     ___FILE_ONLY___ ═
2024-04-26 13:21:35,451 INFO     ___FILE_ONLY___ ═
2024-04-26 13:21:35,513 INFO     ___FILE_ONLY___ ═
2024-04-26 13:21:35,581 INFO     ___FILE_ONLY___ ═
2024-04-26 13:21:35,647 INFO     ___FILE_ONLY___ ═
2024-04-26 13:21:35,712 INFO     ___FILE_ONLY___ ═
2024-04-26 13:21:35,769 INFO     ___FILE_ONLY___ ═
2024-04-26 13:21:35,827 INFO     ___FILE_ONLY___ ═
2024-04-26 13:21:35,881 INFO     ___FILE_ONLY___ ═
2024-04-26 13:21:35,938 INFO     ___FILE_ONLY___ ═
2024-04-26 13:21:35,977 INFO     ___FILE_ONLY___ ═
2024-04-26 13:21:36,031 INFO     ___FILE_ONLY___ ═
2024-04-26 13:21:36,082 INFO     ___FILE_ONLY___ ═
2024-04-26 13:21:36,131 INFO     ___FILE_ONLY___ ═
2024-04-26 13:21:36,177 INFO     ___FILE_ONLY___ ═
2024-04-26 13:21:36,224 INFO     ___FILE_ONLY___ ═
2024-04-26 13:21:36,272 INFO     ___FILE_ONLY___ ═
2024-04-26 13:21:36,334 INFO     ___FILE_ONLY___ ═
2024-04-26 13:21:36,465 INFO     ___FILE_ONLY___ ═
2024-04-26 13:21:36,513 INFO     ___FILE_ONLY___ ═
2024-04-26 13:21:36,564 INFO     ___FILE_ONLY___ ═
2024-04-26 13:21:36,564 INFO     ___FILE_ONLY___ ╝

2024-04-26 13:21:36,645 INFO     ___FILE_ONLY___ ╔════════════════════════════════════════════════════════════╗

2024-04-26 13:21:36,645 INFO     ___FILE_ONLY___ ╠═ Installing: BigQuery Command Line Tool                   ═╣

2024-04-26 13:21:36,645 INFO     ___FILE_ONLY___ ╚
2024-04-26 13:21:36,649 DEBUG    urllib3.connectionpool Starting new HTTPS connection (1): dl.google.com:443
2024-04-26 13:21:36,715 DEBUG    urllib3.connectionpool https://dl.google.com:443 "GET /dl/cloudsdk/channels/rapid/components/google-cloud-sdk-bq-20240412130805.tar.gz HTTP/1.1" 200 1746678
2024-04-26 13:21:36,724 INFO     ___FILE_ONLY___ ═
2024-04-26 13:21:36,725 INFO     ___FILE_ONLY___ ═
2024-04-26 13:21:36,725 INFO     ___FILE_ONLY___ ═
2024-04-26 13:21:36,725 INFO     ___FILE_ONLY___ ═
2024-04-26 13:21:36,725 INFO     ___FILE_ONLY___ ═
2024-04-26 13:21:36,725 INFO     ___FILE_ONLY___ ═
2024-04-26 13:21:36,726 INFO     ___FILE_ONLY___ ═
2024-04-26 13:21:36,726 INFO     ___FILE_ONLY___ ═
2024-04-26 13:21:36,726 INFO     ___FILE_ONLY___ ═
2024-04-26 13:21:36,726 INFO     ___FILE_ONLY___ ═
2024-04-26 13:21:36,726 INFO     ___FILE_ONLY___ ═
2024-04-26 13:21:36,726 INFO     ___FILE_ONLY___ ═
2024-04-26 13:21:36,726 INFO     ___FILE_ONLY___ ═
2024-04-26 13:21:36,726 INFO     ___FILE_ONLY___ ═
2024-04-26 13:21:36,727 INFO     ___FILE_ONLY___ ═
2024-04-26 13:21:36,727 INFO     ___FILE_ONLY___ ═
2024-04-26 13:21:36,727 INFO     ___FILE_ONLY___ ═
2024-04-26 13:21:36,727 INFO     ___FILE_ONLY___ ═
2024-04-26 13:21:36,727 INFO     ___FILE_ONLY___ ═
2024-04-26 13:21:36,727 INFO     ___FILE_ONLY___ ═
2024-04-26 13:21:36,727 INFO     ___FILE_ONLY___ ═
2024-04-26 13:21:36,728 INFO     ___FILE_ONLY___ ═
2024-04-26 13:21:36,728 INFO     ___FILE_ONLY___ ═
2024-04-26 13:21:36,728 INFO     ___FILE_ONLY___ ═
2024-04-26 13:21:36,728 INFO     ___FILE_ONLY___ ═
2024-04-26 13:21:36,728 INFO     ___FILE_ONLY___ ═
2024-04-26 13:21:36,728 INFO     ___FILE_ONLY___ ═
2024-04-26 13:21:36,728 INFO     ___FILE_ONLY___ ═
2024-04-26 13:21:36,729 INFO     ___FILE_ONLY___ ═
2024-04-26 13:21:36,729 INFO     ___FILE_ONLY___ ═
2024-04-26 13:21:36,852 INFO     ___FILE_ONLY___ ═
2024-04-26 13:21:36,857 INFO     ___FILE_ONLY___ ═
2024-04-26 13:21:36,861 INFO     ___FILE_ONLY___ ═
2024-04-26 13:21:36,866 INFO     ___FILE_ONLY___ ═
2024-04-26 13:21:36,870 INFO     ___FILE_ONLY___ ═
2024-04-26 13:21:36,874 INFO     ___FILE_ONLY___ ═
2024-04-26 13:21:36,878 INFO     ___FILE_ONLY___ ═
2024-04-26 13:21:36,883 INFO     ___FILE_ONLY___ ═
2024-04-26 13:21:36,887 INFO     ___FILE_ONLY___ ═
2024-04-26 13:21:36,892 INFO     ___FILE_ONLY___ ═
2024-04-26 13:21:36,896 INFO     ___FILE_ONLY___ ═
2024-04-26 13:21:36,899 INFO     ___FILE_ONLY___ ═
2024-04-26 13:21:36,903 INFO     ___FILE_ONLY___ ═
2024-04-26 13:21:36,909 INFO     ___FILE_ONLY___ ═
2024-04-26 13:21:36,913 INFO     ___FILE_ONLY___ ═
2024-04-26 13:21:36,917 INFO     ___FILE_ONLY___ ═
2024-04-26 13:21:36,922 INFO     ___FILE_ONLY___ ═
2024-04-26 13:21:36,926 INFO     ___FILE_ONLY___ ═
2024-04-26 13:21:36,933 INFO     ___FILE_ONLY___ ═
2024-04-26 13:21:36,937 INFO     ___FILE_ONLY___ ═
2024-04-26 13:21:36,943 INFO     ___FILE_ONLY___ ═
2024-04-26 13:21:36,948 INFO     ___FILE_ONLY___ ═
2024-04-26 13:21:36,952 INFO     ___FILE_ONLY___ ═
2024-04-26 13:21:36,956 INFO     ___FILE_ONLY___ ═
2024-04-26 13:21:36,960 INFO     ___FILE_ONLY___ ═
2024-04-26 13:21:36,964 INFO     ___FILE_ONLY___ ═
2024-04-26 13:21:36,969 INFO     ___FILE_ONLY___ ═
2024-04-26 13:21:36,972 INFO     ___FILE_ONLY___ ═
2024-04-26 13:21:36,976 INFO     ___FILE_ONLY___ ═
2024-04-26 13:21:36,980 INFO     ___FILE_ONLY___ ═
2024-04-26 13:21:36,980 INFO     ___FILE_ONLY___ ╝

2024-04-26 13:21:36,994 INFO     ___FILE_ONLY___ ╔════════════════════════════════════════════════════════════╗

2024-04-26 13:21:36,994 INFO     ___FILE_ONLY___ ╠═ Installing: BigQuery Command Line Tool (Platform Spec... ═╣

2024-04-26 13:21:36,994 INFO     ___FILE_ONLY___ ╚
2024-04-26 13:21:36,998 DEBUG    urllib3.connectionpool Starting new HTTPS connection (1): dl.google.com:443
2024-04-26 13:21:37,058 DEBUG    urllib3.connectionpool https://dl.google.com:443 "GET /dl/cloudsdk/channels/rapid/components/google-cloud-sdk-bq-nix-20240106004423.tar.gz HTTP/1.1" 200 2026
2024-04-26 13:21:37,058 INFO     ___FILE_ONLY___ ══════════════════════════════
2024-04-26 13:21:37,059 INFO     ___FILE_ONLY___ ══════════════════════════════
2024-04-26 13:21:37,060 INFO     ___FILE_ONLY___ ╝

2024-04-26 13:21:37,069 INFO     ___FILE_ONLY___ ╔════════════════════════════════════════════════════════════╗

2024-04-26 13:21:37,069 INFO     ___FILE_ONLY___ ╠═ Installing: Bundled Python 3.11                          ═╣

2024-04-26 13:21:37,069 INFO     ___FILE_ONLY___ ╚
2024-04-26 13:21:37,073 DEBUG    urllib3.connectionpool Starting new HTTPS connection (1): dl.google.com:443
2024-04-26 13:21:37,163 DEBUG    urllib3.connectionpool https://dl.google.com:443 "GET /dl/cloudsdk/channels/rapid/components/google-cloud-sdk-bundled-python3-unix-linux-x86_64-20240229170130.tar.gz HTTP/1.1" 200 78486918
2024-04-26 13:21:37,433 INFO     ___FILE_ONLY___ ═
2024-04-26 13:21:37,436 INFO     ___FILE_ONLY___ ═
2024-04-26 13:21:37,439 INFO     ___FILE_ONLY___ ═
2024-04-26 13:21:37,442 INFO     ___FILE_ONLY___ ═
2024-04-26 13:21:37,445 INFO     ___FILE_ONLY___ ═
2024-04-26 13:21:37,448 INFO     ___FILE_ONLY___ ═
2024-04-26 13:21:37,451 INFO     ___FILE_ONLY___ ═
2024-04-26 13:21:37,454 INFO     ___FILE_ONLY___ ═
2024-04-26 13:21:37,457 INFO     ___FILE_ONLY___ ═
2024-04-26 13:21:37,460 INFO     ___FILE_ONLY___ ═
2024-04-26 13:21:37,462 INFO     ___FILE_ONLY___ ═
2024-04-26 13:21:37,465 INFO     ___FILE_ONLY___ ═
2024-04-26 13:21:37,468 INFO     ___FILE_ONLY___ ═
2024-04-26 13:21:37,471 INFO     ___FILE_ONLY___ ═
2024-04-26 13:21:37,474 INFO     ___FILE_ONLY___ ═
2024-04-26 13:21:37,476 INFO     ___FILE_ONLY___ ═
2024-04-26 13:21:37,479 INFO     ___FILE_ONLY___ ═
2024-04-26 13:21:37,482 INFO     ___FILE_ONLY___ ═
2024-04-26 13:21:37,485 INFO     ___FILE_ONLY___ ═
2024-04-26 13:21:37,488 INFO     ___FILE_ONLY___ ═
2024-04-26 13:21:37,490 INFO     ___FILE_ONLY___ ═
2024-04-26 13:21:37,493 INFO     ___FILE_ONLY___ ═
2024-04-26 13:21:37,496 INFO     ___FILE_ONLY___ ═
2024-04-26 13:21:37,499 INFO     ___FILE_ONLY___ ═
2024-04-26 13:21:37,502 INFO     ___FILE_ONLY___ ═
2024-04-26 13:21:37,505 INFO     ___FILE_ONLY___ ═
2024-04-26 13:21:37,507 INFO     ___FILE_ONLY___ ═
2024-04-26 13:21:37,510 INFO     ___FILE_ONLY___ ═
2024-04-26 13:21:37,513 INFO     ___FILE_ONLY___ ═
2024-04-26 13:21:37,516 INFO     ___FILE_ONLY___ ═
2024-04-26 13:21:39,723 INFO     ___FILE_ONLY___ ═
2024-04-26 13:21:39,749 INFO     ___FILE_ONLY___ ═
2024-04-26 13:21:39,774 INFO     ___FILE_ONLY___ ═
2024-04-26 13:21:39,799 INFO     ___FILE_ONLY___ ═
2024-04-26 13:21:39,824 INFO     ___FILE_ONLY___ ═
2024-04-26 13:21:39,849 INFO     ___FILE_ONLY___ ═
2024-04-26 13:21:39,873 INFO     ___FILE_ONLY___ ═
2024-04-26 13:21:39,898 INFO     ___FILE_ONLY___ ═
2024-04-26 13:21:39,922 INFO     ___FILE_ONLY___ ═
2024-04-26 13:21:39,947 INFO     ___FILE_ONLY___ ═
2024-04-26 13:21:39,972 INFO     ___FILE_ONLY___ ═
2024-04-26 13:21:39,997 INFO     ___FILE_ONLY___ ═
2024-04-26 13:21:40,021 INFO     ___FILE_ONLY___ ═
2024-04-26 13:21:40,046 INFO     ___FILE_ONLY___ ═
2024-04-26 13:21:40,070 INFO     ___FILE_ONLY___ ═
2024-04-26 13:21:40,095 INFO     ___FILE_ONLY___ ═
2024-04-26 13:21:40,121 INFO     ___FILE_ONLY___ ═
2024-04-26 13:21:40,505 INFO     ___FILE_ONLY___ ═
2024-04-26 13:21:40,545 INFO     ___FILE_ONLY___ ═
2024-04-26 13:21:40,619 INFO     ___FILE_ONLY___ ═
2024-04-26 13:21:40,658 INFO     ___FILE_ONLY___ ═
2024-04-26 13:21:40,816 INFO     ___FILE_ONLY___ ═
2024-04-26 13:21:40,951 INFO     ___FILE_ONLY___ ═
2024-04-26 13:21:40,991 INFO     ___FILE_ONLY___ ═
2024-04-26 13:21:41,032 INFO     ___FILE_ONLY___ ═
2024-04-26 13:21:41,101 INFO     ___FILE_ONLY___ ═
2024-04-26 13:21:41,138 INFO     ___FILE_ONLY___ ═
2024-04-26 13:21:41,183 INFO     ___FILE_ONLY___ ═
2024-04-26 13:21:42,295 INFO     ___FILE_ONLY___ ═
2024-04-26 13:21:42,324 INFO     ___FILE_ONLY___ ═
2024-04-26 13:21:42,324 INFO     ___FILE_ONLY___ ╝

2024-04-26 13:21:42,405 INFO     ___FILE_ONLY___ ╔════════════════════════════════════════════════════════════╗

2024-04-26 13:21:42,405 INFO     ___FILE_ONLY___ ╠═ Installing: Bundled Python 3.11                          ═╣

2024-04-26 13:21:42,405 INFO     ___FILE_ONLY___ ╚
2024-04-26 13:21:42,409 INFO     ___FILE_ONLY___ ════════════════════════════════════════════════════════════
2024-04-26 13:21:42,410 INFO     ___FILE_ONLY___ ╝

2024-04-26 13:21:42,412 INFO     ___FILE_ONLY___ ╔════════════════════════════════════════════════════════════╗

2024-04-26 13:21:42,412 INFO     ___FILE_ONLY___ ╠═ Installing: Cloud Storage Command Line Tool              ═╣

2024-04-26 13:21:42,412 INFO     ___FILE_ONLY___ ╚
2024-04-26 13:21:42,415 DEBUG    urllib3.connectionpool Starting new HTTPS connection (1): dl.google.com:443
2024-04-26 13:21:42,566 DEBUG    urllib3.connectionpool https://dl.google.com:443 "GET /dl/cloudsdk/channels/rapid/components/google-cloud-sdk-gsutil-20231025210228.tar.gz HTTP/1.1" 200 11833901
2024-04-26 13:21:42,603 INFO     ___FILE_ONLY___ ═
2024-04-26 13:21:42,604 INFO     ___FILE_ONLY___ ═
2024-04-26 13:21:42,604 INFO     ___FILE_ONLY___ ═
2024-04-26 13:21:42,605 INFO     ___FILE_ONLY___ ═
2024-04-26 13:21:42,605 INFO     ___FILE_ONLY___ ═
2024-04-26 13:21:42,606 INFO     ___FILE_ONLY___ ═
2024-04-26 13:21:42,606 INFO     ___FILE_ONLY___ ═
2024-04-26 13:21:42,607 INFO     ___FILE_ONLY___ ═
2024-04-26 13:21:42,607 INFO     ___FILE_ONLY___ ═
2024-04-26 13:21:42,608 INFO     ___FILE_ONLY___ ═
2024-04-26 13:21:42,608 INFO     ___FILE_ONLY___ ═
2024-04-26 13:21:42,609 INFO     ___FILE_ONLY___ ═
2024-04-26 13:21:42,609 INFO     ___FILE_ONLY___ ═
2024-04-26 13:21:42,610 INFO     ___FILE_ONLY___ ═
2024-04-26 13:21:42,610 INFO     ___FILE_ONLY___ ═
2024-04-26 13:21:42,611 INFO     ___FILE_ONLY___ ═
2024-04-26 13:21:42,611 INFO     ___FILE_ONLY___ ═
2024-04-26 13:21:42,612 INFO     ___FILE_ONLY___ ═
2024-04-26 13:21:42,612 INFO     ___FILE_ONLY___ ═
2024-04-26 13:21:42,613 INFO     ___FILE_ONLY___ ═
2024-04-26 13:21:42,613 INFO     ___FILE_ONLY___ ═
2024-04-26 13:21:42,614 INFO     ___FILE_ONLY___ ═
2024-04-26 13:21:42,614 INFO     ___FILE_ONLY___ ═
2024-04-26 13:21:42,615 INFO     ___FILE_ONLY___ ═
2024-04-26 13:21:42,615 INFO     ___FILE_ONLY___ ═
2024-04-26 13:21:42,616 INFO     ___FILE_ONLY___ ═
2024-04-26 13:21:42,616 INFO     ___FILE_ONLY___ ═
2024-04-26 13:21:42,617 INFO     ___FILE_ONLY___ ═
2024-04-26 13:21:42,617 INFO     ___FILE_ONLY___ ═
2024-04-26 13:21:42,618 INFO     ___FILE_ONLY___ ═
2024-04-26 13:21:43,305 INFO     ___FILE_ONLY___ ═
2024-04-26 13:21:43,344 INFO     ___FILE_ONLY___ ═
2024-04-26 13:21:43,374 INFO     ___FILE_ONLY___ ═
2024-04-26 13:21:43,405 INFO     ___FILE_ONLY___ ═
2024-04-26 13:21:43,434 INFO     ___FILE_ONLY___ ═
2024-04-26 13:21:43,464 INFO     ___FILE_ONLY___ ═
2024-04-26 13:21:43,486 INFO     ___FILE_ONLY___ ═
2024-04-26 13:21:43,507 INFO     ___FILE_ONLY___ ═
2024-04-26 13:21:43,531 INFO     ___FILE_ONLY___ ═
2024-04-26 13:21:43,553 INFO     ___FILE_ONLY___ ═
2024-04-26 13:21:43,575 INFO     ___FILE_ONLY___ ═
2024-04-26 13:21:43,594 INFO     ___FILE_ONLY___ ═
2024-04-26 13:21:43,624 INFO     ___FILE_ONLY___ ═
2024-04-26 13:21:43,646 INFO     ___FILE_ONLY___ ═
2024-04-26 13:21:43,677 INFO     ___FILE_ONLY___ ═
2024-04-26 13:21:43,706 INFO     ___FILE_ONLY___ ═
2024-04-26 13:21:43,735 INFO     ___FILE_ONLY___ ═
2024-04-26 13:21:43,765 INFO     ___FILE_ONLY___ ═
2024-04-26 13:21:43,784 INFO     ___FILE_ONLY___ ═
2024-04-26 13:21:43,806 INFO     ___FILE_ONLY___ ═
2024-04-26 13:21:43,828 INFO     ___FILE_ONLY___ ═
2024-04-26 13:21:43,849 INFO     ___FILE_ONLY___ ═
2024-04-26 13:21:43,870 INFO     ___FILE_ONLY___ ═
2024-04-26 13:21:43,893 INFO     ___FILE_ONLY___ ═
2024-04-26 13:21:43,915 INFO     ___FILE_ONLY___ ═
2024-04-26 13:21:43,963 INFO     ___FILE_ONLY___ ═
2024-04-26 13:21:43,990 INFO     ___FILE_ONLY___ ═
2024-04-26 13:21:44,016 INFO     ___FILE_ONLY___ ═
2024-04-26 13:21:44,045 INFO     ___FILE_ONLY___ ═
2024-04-26 13:21:44,067 INFO     ___FILE_ONLY___ ═
2024-04-26 13:21:44,067 INFO     ___FILE_ONLY___ ╝

2024-04-26 13:21:44,120 INFO     ___FILE_ONLY___ ╔════════════════════════════════════════════════════════════╗

2024-04-26 13:21:44,120 INFO     ___FILE_ONLY___ ╠═ Installing: Cloud Storage Command Line Tool (Platform... ═╣

2024-04-26 13:21:44,120 INFO     ___FILE_ONLY___ ╚
2024-04-26 13:21:44,124 DEBUG    urllib3.connectionpool Starting new HTTPS connection (1): dl.google.com:443
2024-04-26 13:21:44,224 DEBUG    urllib3.connectionpool https://dl.google.com:443 "GET /dl/cloudsdk/channels/rapid/components/google-cloud-sdk-gsutil-nix-20240106004423.tar.gz HTTP/1.1" 200 2042
2024-04-26 13:21:44,225 INFO     ___FILE_ONLY___ ══════════════════════════════
2024-04-26 13:21:44,226 INFO     ___FILE_ONLY___ ══════════════════════════════
2024-04-26 13:21:44,226 INFO     ___FILE_ONLY___ ╝

2024-04-26 13:21:44,234 INFO     ___FILE_ONLY___ ╔════════════════════════════════════════════════════════════╗

2024-04-26 13:21:44,234 INFO     ___FILE_ONLY___ ╠═ Installing: Default set of gcloud commands               ═╣

2024-04-26 13:21:44,234 INFO     ___FILE_ONLY___ ╚
2024-04-26 13:21:44,239 INFO     ___FILE_ONLY___ ════════════════════════════════════════════════════════════
2024-04-26 13:21:44,239 INFO     ___FILE_ONLY___ ╝

2024-04-26 13:21:44,241 INFO     ___FILE_ONLY___ ╔════════════════════════════════════════════════════════════╗

2024-04-26 13:21:44,241 INFO     ___FILE_ONLY___ ╠═ Installing: Google Cloud CLI Core Libraries (Platform... ═╣

2024-04-26 13:21:44,241 INFO     ___FILE_ONLY___ ╚
2024-04-26 13:21:44,245 DEBUG    urllib3.connectionpool Starting new HTTPS connection (1): dl.google.com:443
2024-04-26 13:21:44,309 DEBUG    urllib3.connectionpool https://dl.google.com:443 "GET /dl/cloudsdk/channels/rapid/components/google-cloud-sdk-core-nix-20240106004423.tar.gz HTTP/1.1" 200 2410
2024-04-26 13:21:44,310 INFO     ___FILE_ONLY___ ══════════════════════════════
2024-04-26 13:21:44,311 INFO     ___FILE_ONLY___ ═══════════════
2024-04-26 13:21:44,311 INFO     ___FILE_ONLY___ ═══════════════
2024-04-26 13:21:44,312 INFO     ___FILE_ONLY___ ╝

2024-04-26 13:21:44,320 INFO     ___FILE_ONLY___ ╔════════════════════════════════════════════════════════════╗

2024-04-26 13:21:44,320 INFO     ___FILE_ONLY___ ╠═ Installing: Google Cloud CRC32C Hash Tool                ═╣

2024-04-26 13:21:44,320 INFO     ___FILE_ONLY___ ╚
2024-04-26 13:21:44,324 DEBUG    urllib3.connectionpool Starting new HTTPS connection (1): dl.google.com:443
2024-04-26 13:21:44,389 DEBUG    urllib3.connectionpool https://dl.google.com:443 "GET /dl/cloudsdk/channels/rapid/components/google-cloud-sdk-gcloud-crc32c-linux-x86_64-20231215195722.tar.gz HTTP/1.1" 200 1287877
2024-04-26 13:21:44,397 INFO     ___FILE_ONLY___ ═
2024-04-26 13:21:44,397 INFO     ___FILE_ONLY___ ═
2024-04-26 13:21:44,397 INFO     ___FILE_ONLY___ ═
2024-04-26 13:21:44,398 INFO     ___FILE_ONLY___ ═
2024-04-26 13:21:44,398 INFO     ___FILE_ONLY___ ═
2024-04-26 13:21:44,398 INFO     ___FILE_ONLY___ ═
2024-04-26 13:21:44,398 INFO     ___FILE_ONLY___ ═
2024-04-26 13:21:44,398 INFO     ___FILE_ONLY___ ═
2024-04-26 13:21:44,398 INFO     ___FILE_ONLY___ ═
2024-04-26 13:21:44,398 INFO     ___FILE_ONLY___ ═
2024-04-26 13:21:44,398 INFO     ___FILE_ONLY___ ═
2024-04-26 13:21:44,399 INFO     ___FILE_ONLY___ ═
2024-04-26 13:21:44,399 INFO     ___FILE_ONLY___ ═
2024-04-26 13:21:44,399 INFO     ___FILE_ONLY___ ═
2024-04-26 13:21:44,399 INFO     ___FILE_ONLY___ ═
2024-04-26 13:21:44,399 INFO     ___FILE_ONLY___ ═
2024-04-26 13:21:44,399 INFO     ___FILE_ONLY___ ═
2024-04-26 13:21:44,399 INFO     ___FILE_ONLY___ ═
2024-04-26 13:21:44,399 INFO     ___FILE_ONLY___ ═
2024-04-26 13:21:44,400 INFO     ___FILE_ONLY___ ═
2024-04-26 13:21:44,400 INFO     ___FILE_ONLY___ ═
2024-04-26 13:21:44,400 INFO     ___FILE_ONLY___ ═
2024-04-26 13:21:44,400 INFO     ___FILE_ONLY___ ═
2024-04-26 13:21:44,400 INFO     ___FILE_ONLY___ ═
2024-04-26 13:21:44,400 INFO     ___FILE_ONLY___ ═
2024-04-26 13:21:44,400 INFO     ___FILE_ONLY___ ═
2024-04-26 13:21:44,400 INFO     ___FILE_ONLY___ ═
2024-04-26 13:21:44,400 INFO     ___FILE_ONLY___ ═
2024-04-26 13:21:44,401 INFO     ___FILE_ONLY___ ═
2024-04-26 13:21:44,401 INFO     ___FILE_ONLY___ ═
2024-04-26 13:21:44,434 INFO     ___FILE_ONLY___ ═══════════════
2024-04-26 13:21:44,435 INFO     ___FILE_ONLY___ ═══════════════
2024-04-26 13:21:44,435 INFO     ___FILE_ONLY___ ╝

2024-04-26 13:21:44,444 INFO     ___FILE_ONLY___ ╔════════════════════════════════════════════════════════════╗

2024-04-26 13:21:44,444 INFO     ___FILE_ONLY___ ╠═ Installing: Google Cloud CRC32C Hash Tool                ═╣

2024-04-26 13:21:44,444 INFO     ___FILE_ONLY___ ╚
2024-04-26 13:21:44,448 INFO     ___FILE_ONLY___ ════════════════════════════════════════════════════════════
2024-04-26 13:21:44,449 INFO     ___FILE_ONLY___ ╝

2024-04-26 13:21:44,450 INFO     ___FILE_ONLY___ ╔════════════════════════════════════════════════════════════╗

2024-04-26 13:21:44,451 INFO     ___FILE_ONLY___ ╠═ Installing: gcloud cli dependencies                      ═╣

2024-04-26 13:21:44,451 INFO     ___FILE_ONLY___ ╚
2024-04-26 13:21:44,455 DEBUG    urllib3.connectionpool Starting new HTTPS connection (1): dl.google.com:443
2024-04-26 13:21:44,519 DEBUG    urllib3.connectionpool https://dl.google.com:443 "GET /dl/cloudsdk/channels/rapid/components/google-cloud-sdk-gcloud-deps-linux-x86_64-20210416153011.tar.gz HTTP/1.1" 200 104
2024-04-26 13:21:44,519 INFO     ___FILE_ONLY___ ══════════════════════════════
2024-04-26 13:21:44,520 INFO     ___FILE_ONLY___ ══════════════════════════════
2024-04-26 13:21:44,520 INFO     ___FILE_ONLY___ ╝

2024-04-26 13:21:44,528 INFO     ___FILE_ONLY___ ╔════════════════════════════════════════════════════════════╗

2024-04-26 13:21:44,528 INFO     ___FILE_ONLY___ ╠═ Creating backup and activating new installation          ═╣

2024-04-26 13:21:44,529 INFO     ___FILE_ONLY___ ╚
2024-04-26 13:21:44,529 DEBUG    root            Attempting to move directory [/tools/google-cloud-sdk] to [/tools/google-cloud-sdk.staging/.install/.backup]
2024-04-26 13:21:44,529 INFO     ___FILE_ONLY___ ══════════════════════════════
2024-04-26 13:21:44,529 DEBUG    root            Attempting to move directory [/tools/google-cloud-sdk.staging] to [/tools/google-cloud-sdk]
2024-04-26 13:21:44,529 INFO     ___FILE_ONLY___ ══════════════════════════════
2024-04-26 13:21:44,529 INFO     ___FILE_ONLY___ ╝

2024-04-26 13:21:44,532 DEBUG    root            Updating notification cache...
2024-04-26 13:21:44,533 INFO     ___FILE_ONLY___ 

2024-04-26 13:21:44,535 INFO     ___FILE_ONLY___ Performing post processing steps...
2024-04-26 13:21:44,535 DEBUG    root            Executing command: ['/tools/google-cloud-sdk/bin/gcloud', 'components', 'post-process']
2024-04-26 13:21:55,369 DEBUG    ___FILE_ONLY___ 
2024-04-26 13:21:55,369 DEBUG    ___FILE_ONLY___ 
2024-04-26 13:21:55,552 INFO     ___FILE_ONLY___ 
Update done!


2024-04-26 13:21:55,555 DEBUG    root            Chosen display Format:none
2024-04-26 13:21:55,555 INFO     root            Display format: "none"
