2024-04-26 13:21:56,078 DEBUG    root            Loaded Command Group: ['gcloud', 'components']
2024-04-26 13:21:56,080 DEBUG    root            Loaded Command Group: ['gcloud', 'components', 'update']
2024-04-26 13:21:56,083 DEBUG    root            Running [gcloud.components.update] with arguments: [--quiet: "True", COMPONENT-IDS:8: "['gcloud', 'core', 'bq', 'gsutil', 'compute', 'preview', 'alpha', 'beta']"]
2024-04-26 13:21:56,084 INFO     ___FILE_ONLY___ Beginning update. This process may take several minutes.

2024-04-26 13:21:56,091 DEBUG    urllib3.connectionpool Starting new HTTPS connection (1): dl.google.com:443
2024-04-26 13:21:56,155 DEBUG    urllib3.connectionpool https://dl.google.com:443 "GET /dl/cloudsdk/channels/rapid/components-2.json HTTP/1.1" 200 222653
2024-04-26 13:21:56,171 WARNING  root            Component [compute] no longer exists.
2024-04-26 13:21:56,171 WARNING  root            Component [preview] no longer exists.
2024-04-26 13:21:56,172 INFO     ___FILE_ONLY___ 

2024-04-26 13:21:56,173 INFO     ___FILE_ONLY___ 
Your current Google Cloud CLI version is: 473.0.0

2024-04-26 13:21:56,173 INFO     ___FILE_ONLY___ Installing components from version: 473.0.0

2024-04-26 13:21:56,173 INFO     ___FILE_ONLY___ 

2024-04-26 13:21:56,173 DEBUG    root            Chosen display Format:table[box,title="These components will be removed."](details.display_name:label=Name:align=left,version.version_string:label=Version:align=right,data.size.size(zero="",min=1048576):label=Size:align=right)
2024-04-26 13:21:56,174 DEBUG    root            Chosen display Format:table[box,title="These components will be updated."](details.display_name:label=Name:align=left,version.version_string:label=Version:align=right,data.size.size(zero="",min=1048576):label=Size:align=right)
2024-04-26 13:21:56,174 DEBUG    root            Chosen display Format:table[box,title="These components will be installed."](details.display_name:label=Name:align=left,version.version_string:label=Version:align=right,data.size.size(zero="",min=1048576):label=Size:align=right)
2024-04-26 13:21:56,211 INFO     ___FILE_ONLY___ ┌──────────────────────────────────────────────┐
2024-04-26 13:21:56,211 INFO     ___FILE_ONLY___ 

2024-04-26 13:21:56,211 INFO     ___FILE_ONLY___ │     These components will be installed.      │
2024-04-26 13:21:56,211 INFO     ___FILE_ONLY___ 

2024-04-26 13:21:56,211 INFO     ___FILE_ONLY___ ├───────────────────────┬────────────┬─────────┤
2024-04-26 13:21:56,211 INFO     ___FILE_ONLY___ 

2024-04-26 13:21:56,212 INFO     ___FILE_ONLY___ │          Name         │  Version   │   Size  │
2024-04-26 13:21:56,212 INFO     ___FILE_ONLY___ 

2024-04-26 13:21:56,212 INFO     ___FILE_ONLY___ ├───────────────────────┼────────────┼─────────┤
2024-04-26 13:21:56,212 INFO     ___FILE_ONLY___ 

2024-04-26 13:21:56,212 INFO     ___FILE_ONLY___ │ 
2024-04-26 13:21:56,212 INFO     ___FILE_ONLY___ gcloud Alpha Commands
2024-04-26 13:21:56,212 INFO     ___FILE_ONLY___  
2024-04-26 13:21:56,212 INFO     ___FILE_ONLY___ │ 
2024-04-26 13:21:56,212 INFO     ___FILE_ONLY___ 2024.04.19
2024-04-26 13:21:56,212 INFO     ___FILE_ONLY___  
2024-04-26 13:21:56,212 INFO     ___FILE_ONLY___ │ 
2024-04-26 13:21:56,212 INFO     ___FILE_ONLY___ < 1 MiB
2024-04-26 13:21:56,212 INFO     ___FILE_ONLY___  
2024-04-26 13:21:56,212 INFO     ___FILE_ONLY___ │
2024-04-26 13:21:56,212 INFO     ___FILE_ONLY___ 

2024-04-26 13:21:56,213 INFO     ___FILE_ONLY___ │ 
2024-04-26 13:21:56,213 INFO     ___FILE_ONLY___ gcloud Beta Commands 
2024-04-26 13:21:56,213 INFO     ___FILE_ONLY___  
2024-04-26 13:21:56,213 INFO     ___FILE_ONLY___ │ 
2024-04-26 13:21:56,213 INFO     ___FILE_ONLY___ 2024.04.19
2024-04-26 13:21:56,213 INFO     ___FILE_ONLY___  
2024-04-26 13:21:56,213 INFO     ___FILE_ONLY___ │ 
2024-04-26 13:21:56,213 INFO     ___FILE_ONLY___ < 1 MiB
2024-04-26 13:21:56,213 INFO     ___FILE_ONLY___  
2024-04-26 13:21:56,213 INFO     ___FILE_ONLY___ │
2024-04-26 13:21:56,213 INFO     ___FILE_ONLY___ 

2024-04-26 13:21:56,213 INFO     ___FILE_ONLY___ └───────────────────────┴────────────┴─────────┘
2024-04-26 13:21:56,213 INFO     ___FILE_ONLY___ 

2024-04-26 13:21:56,213 INFO     ___FILE_ONLY___ 

2024-04-26 13:21:56,217 DEBUG    urllib3.connectionpool Starting new HTTPS connection (1): dl.google.com:443
2024-04-26 13:21:56,286 DEBUG    urllib3.connectionpool https://dl.google.com:443 "GET /dl/cloudsdk/channels/rapid/RELEASE_NOTES HTTP/1.1" 200 1196616
2024-04-26 13:21:56,320 INFO     ___FILE_ONLY___ For the latest full release notes, please visit:
  https://cloud.google.com/sdk/release_notes


2024-04-26 13:21:56,322 INFO     ___FILE_ONLY___ ╔════════════════════════════════════════════════════════════╗

2024-04-26 13:21:56,322 INFO     ___FILE_ONLY___ ╠═ Creating update staging area                             ═╣

2024-04-26 13:21:56,322 INFO     ___FILE_ONLY___ ╚
2024-04-26 13:21:56,322 INFO     ___FILE_ONLY___ ══════
2024-04-26 13:21:56,926 INFO     ___FILE_ONLY___ ══════
2024-04-26 13:21:56,926 INFO     ___FILE_ONLY___ ══════
2024-04-26 13:21:57,261 INFO     ___FILE_ONLY___ ═
2024-04-26 13:21:57,487 INFO     ___FILE_ONLY___ ═
2024-04-26 13:21:57,543 INFO     ___FILE_ONLY___ ═
2024-04-26 13:21:57,591 INFO     ___FILE_ONLY___ ═
2024-04-26 13:21:57,634 INFO     ___FILE_ONLY___ ═
2024-04-26 13:21:57,674 INFO     ___FILE_ONLY___ ═
2024-04-26 13:21:57,715 INFO     ___FILE_ONLY___ ═
2024-04-26 13:21:57,756 INFO     ___FILE_ONLY___ ═
2024-04-26 13:21:57,828 INFO     ___FILE_ONLY___ ═
2024-04-26 13:21:57,947 INFO     ___FILE_ONLY___ ═
2024-04-26 13:21:58,096 INFO     ___FILE_ONLY___ ═
2024-04-26 13:21:58,170 INFO     ___FILE_ONLY___ ═
2024-04-26 13:21:58,268 INFO     ___FILE_ONLY___ ═
2024-04-26 13:21:58,344 INFO     ___FILE_ONLY___ ═
2024-04-26 13:21:58,411 INFO     ___FILE_ONLY___ ═
2024-04-26 13:21:58,468 INFO     ___FILE_ONLY___ ═
2024-04-26 13:21:58,523 INFO     ___FILE_ONLY___ ═
2024-04-26 13:21:58,579 INFO     ___FILE_ONLY___ ═
2024-04-26 13:21:58,631 INFO     ___FILE_ONLY___ ═
2024-04-26 13:21:58,687 INFO     ___FILE_ONLY___ ═
2024-04-26 13:21:58,748 INFO     ___FILE_ONLY___ ═
2024-04-26 13:21:58,799 INFO     ___FILE_ONLY___ ═
2024-04-26 13:21:58,859 INFO     ___FILE_ONLY___ ═
2024-04-26 13:21:58,921 INFO     ___FILE_ONLY___ ═
2024-04-26 13:21:58,979 INFO     ___FILE_ONLY___ ═
2024-04-26 13:21:59,032 INFO     ___FILE_ONLY___ ═
2024-04-26 13:21:59,086 INFO     ___FILE_ONLY___ ═
2024-04-26 13:21:59,165 INFO     ___FILE_ONLY___ ═
2024-04-26 13:21:59,221 INFO     ___FILE_ONLY___ ═
2024-04-26 13:21:59,285 INFO     ___FILE_ONLY___ ═
2024-04-26 13:21:59,359 INFO     ___FILE_ONLY___ ═
2024-04-26 13:21:59,431 INFO     ___FILE_ONLY___ ═
2024-04-26 13:21:59,505 INFO     ___FILE_ONLY___ ═
2024-04-26 13:21:59,587 INFO     ___FILE_ONLY___ ═
2024-04-26 13:21:59,684 INFO     ___FILE_ONLY___ ═
2024-04-26 13:21:59,754 INFO     ___FILE_ONLY___ ═
2024-04-26 13:21:59,813 INFO     ___FILE_ONLY___ ═
2024-04-26 13:21:59,891 INFO     ___FILE_ONLY___ ═
2024-04-26 13:21:59,941 INFO     ___FILE_ONLY___ ═
2024-04-26 13:22:00,007 INFO     ___FILE_ONLY___ ═
2024-04-26 13:22:00,060 INFO     ___FILE_ONLY___ ═
2024-04-26 13:22:00,117 INFO     ___FILE_ONLY___ ═
2024-04-26 13:22:00,118 INFO     ___FILE_ONLY___ ╝

2024-04-26 13:22:03,086 INFO     ___FILE_ONLY___ ╔════════════════════════════════════════════════════════════╗

2024-04-26 13:22:03,086 INFO     ___FILE_ONLY___ ╠═ Installing: gcloud Alpha Commands                        ═╣

2024-04-26 13:22:03,086 INFO     ___FILE_ONLY___ ╚
2024-04-26 13:22:03,090 DEBUG    urllib3.connectionpool Starting new HTTPS connection (1): dl.google.com:443
2024-04-26 13:22:03,185 DEBUG    urllib3.connectionpool https://dl.google.com:443 "GET /dl/cloudsdk/channels/rapid/components/google-cloud-sdk-alpha-20240419141706.tar.gz HTTP/1.1" 200 800
2024-04-26 13:22:03,185 INFO     ___FILE_ONLY___ ══════════════════════════════
2024-04-26 13:22:03,187 INFO     ___FILE_ONLY___ ══════════════════════════════
2024-04-26 13:22:03,187 INFO     ___FILE_ONLY___ ╝

2024-04-26 13:22:03,195 INFO     ___FILE_ONLY___ ╔════════════════════════════════════════════════════════════╗

2024-04-26 13:22:03,195 INFO     ___FILE_ONLY___ ╠═ Installing: gcloud Beta Commands                         ═╣

2024-04-26 13:22:03,195 INFO     ___FILE_ONLY___ ╚
2024-04-26 13:22:03,199 DEBUG    urllib3.connectionpool Starting new HTTPS connection (1): dl.google.com:443
2024-04-26 13:22:03,261 DEBUG    urllib3.connectionpool https://dl.google.com:443 "GET /dl/cloudsdk/channels/rapid/components/google-cloud-sdk-beta-20240419141706.tar.gz HTTP/1.1" 200 797
2024-04-26 13:22:03,262 INFO     ___FILE_ONLY___ ══════════════════════════════
2024-04-26 13:22:03,263 INFO     ___FILE_ONLY___ ══════════════════════════════
2024-04-26 13:22:03,263 INFO     ___FILE_ONLY___ ╝

2024-04-26 13:22:03,273 INFO     ___FILE_ONLY___ ╔════════════════════════════════════════════════════════════╗

2024-04-26 13:22:03,273 INFO     ___FILE_ONLY___ ╠═ Creating backup and activating new installation          ═╣

2024-04-26 13:22:03,273 INFO     ___FILE_ONLY___ ╚
2024-04-26 13:22:03,274 DEBUG    root            Attempting to move directory [/tools/google-cloud-sdk] to [/tools/google-cloud-sdk.staging/.install/.backup]
2024-04-26 13:22:03,274 INFO     ___FILE_ONLY___ ══════════════════════════════
2024-04-26 13:22:03,274 DEBUG    root            Attempting to move directory [/tools/google-cloud-sdk.staging] to [/tools/google-cloud-sdk]
2024-04-26 13:22:03,274 INFO     ___FILE_ONLY___ ══════════════════════════════
2024-04-26 13:22:03,274 INFO     ___FILE_ONLY___ ╝

2024-04-26 13:22:03,278 DEBUG    root            Updating notification cache...
2024-04-26 13:22:03,279 INFO     ___FILE_ONLY___ 

2024-04-26 13:22:03,281 INFO     ___FILE_ONLY___ Performing post processing steps...
2024-04-26 13:22:03,281 DEBUG    root            Executing command: ['/tools/google-cloud-sdk/bin/gcloud', 'components', 'post-process']
2024-04-26 13:22:13,801 DEBUG    ___FILE_ONLY___ 
2024-04-26 13:22:13,801 DEBUG    ___FILE_ONLY___ 
2024-04-26 13:22:14,047 INFO     ___FILE_ONLY___ 
Update done!


2024-04-26 13:22:14,050 DEBUG    root            Chosen display Format:none
2024-04-26 13:22:14,050 INFO     root            Display format: "none"
